# JRE version: Java(TM) SE Runtime Environment (8.0_241-b07) (build 1.8.0_241-b07)
# Java VM: Java HotSpot(TM) 64-Bit Server VM (25.241-b07 mixed mode windows-amd64 compressed oops)
Heap:
 PSYoungGen      total 224768K, used 217955K [0x00000000d5f00000, 0x00000000fe480000, 0x0000000100000000)
  eden space 223232K, 97% used [0x00000000d5f00000,0x00000000e33d0d48,0x00000000e3900000)
  from space 1536K, 2% used [0x00000000fe180000,0x00000000fe188000,0x00000000fe300000)
  to   space 1536K, 0% used [0x00000000fe300000,0x00000000fe300000,0x00000000fe480000)
 ParOldGen       total 87552K, used 7754K [0x0000000081c00000, 0x0000000087180000, 0x00000000d5f00000)
  object space 87552K, 8% used [0x0000000081c00000,0x0000000082392b88,0x0000000087180000)
 Metaspace       used 7582K, capacity 7750K, committed 7936K, reserved 1056768K
  class space    used 871K, capacity 939K, committed 1024K, reserved 1048576K
GC Heap History (10 events):
Event: 11.995 GC heap before
{Heap before GC invocations=35 (full 0):
 PSYoungGen      total 278528K, used 278309K [0x00000000d5f00000, 0x00000000fe700000, 0x0000000100000000)
  eden space 278016K, 100% used [0x00000000d5f00000,0x00000000e6e80000,0x00000000e6e80000)
  from space 512K, 57% used [0x00000000fe680000,0x00000000fe6c9620,0x00000000fe700000)
  to   space 2048K, 0% used [0x00000000fe300000,0x00000000fe300000,0x00000000fe500000)
 ParOldGen       total 87552K, used 7557K [0x0000000081c00000, 0x0000000087180000, 0x00000000d5f00000)
  object space 87552K, 8% used [0x0000000081c00000,0x0000000082361568,0x0000000087180000)
 Metaspace       used 7550K, capacity 7750K, committed 7936K, reserved 1056768K
  class space    used 870K, capacity 939K, committed 1024K, reserved 1048576K
Event: 11.996 GC heap after
Heap after GC invocations=35 (full 0):
 PSYoungGen      total 267776K, used 224K [0x00000000d5f00000, 0x00000000fe700000, 0x0000000100000000)
  eden space 265728K, 0% used [0x00000000d5f00000,0x00000000d5f00000,0x00000000e6280000)
  from space 2048K, 10% used [0x00000000fe300000,0x00000000fe338000,0x00000000fe500000)
  to   space 2048K, 0% used [0x00000000fe500000,0x00000000fe500000,0x00000000fe700000)
 ParOldGen       total 87552K, used 7714K [0x0000000081c00000, 0x0000000087180000, 0x00000000d5f00000)
  object space 87552K, 8% used [0x0000000081c00000,0x0000000082388b88,0x0000000087180000)
 Metaspace       used 7550K, capacity 7750K, committed 7936K, reserved 1056768K
  class space    used 870K, capacity 939K, committed 1024K, reserved 1048576K
}
Event: 12.209 GC heap before
{Heap before GC invocations=36 (full 0):
 PSYoungGen      total 267776K, used 265952K [0x00000000d5f00000, 0x00000000fe700000, 0x0000000100000000)
  eden space 265728K, 100% used [0x00000000d5f00000,0x00000000e6280000,0x00000000e6280000)
  from space 2048K, 10% used [0x00000000fe300000,0x00000000fe338000,0x00000000fe500000)
  to   space 2048K, 0% used [0x00000000fe500000,0x00000000fe500000,0x00000000fe700000)
 ParOldGen       total 87552K, used 7714K [0x0000000081c00000, 0x0000000087180000, 0x00000000d5f00000)
  object space 87552K, 8% used [0x0000000081c00000,0x0000000082388b88,0x0000000087180000)
 Metaspace       used 7550K, capacity 7750K, committed 7936K, reserved 1056768K
  class space    used 870K, capacity 939K, committed 1024K, reserved 1048576K
Event: 12.210 GC heap after
Heap after GC invocations=36 (full 0):
 PSYoungGen      total 254464K, used 224K [0x00000000d5f00000, 0x00000000fe580000, 0x0000000100000000)
  eden space 253952K, 0% used [0x00000000d5f00000,0x00000000d5f00000,0x00000000e5700000)
  from space 512K, 43% used [0x00000000fe500000,0x00000000fe538000,0x00000000fe580000)
  to   space 1536K, 0% used [0x00000000fe280000,0x00000000fe280000,0x00000000fe400000)
 ParOldGen       total 87552K, used 7730K [0x0000000081c00000, 0x0000000087180000, 0x00000000d5f00000)
  object space 87552K, 8% used [0x0000000081c00000,0x000000008238cb88,0x0000000087180000)
 Metaspace       used 7550K, capacity 7750K, committed 7936K, reserved 1056768K
  class space    used 870K, capacity 939K, committed 1024K, reserved 1048576K
}
Event: 12.424 GC heap before
{Heap before GC invocations=37 (full 0):
 PSYoungGen      total 254464K, used 254176K [0x00000000d5f00000, 0x00000000fe580000, 0x0000000100000000)
  eden space 253952K, 100% used [0x00000000d5f00000,0x00000000e5700000,0x00000000e5700000)
  from space 512K, 43% used [0x00000000fe500000,0x00000000fe538000,0x00000000fe580000)
  to   space 1536K, 0% used [0x00000000fe280000,0x00000000fe280000,0x00000000fe400000)
 ParOldGen       total 87552K, used 7730K [0x0000000081c00000, 0x0000000087180000, 0x00000000d5f00000)
  object space 87552K, 8% used [0x0000000081c00000,0x000000008238cb88,0x0000000087180000)
 Metaspace       used 7550K, capacity 7750K, committed 7936K, reserved 1056768K
  class space    used 870K, capacity 939K, committed 1024K, reserved 1048576K
Event: 12.425 GC heap after
Heap after GC invocations=37 (full 0):
 PSYoungGen      total 244736K, used 144K [0x00000000d5f00000, 0x00000000fe580000, 0x0000000100000000)
  eden space 243200K, 0% used [0x00000000d5f00000,0x00000000d5f00000,0x00000000e4c80000)
  from space 1536K, 9% used [0x00000000fe280000,0x00000000fe2a4020,0x00000000fe400000)
  to   space 1536K, 0% used [0x00000000fe400000,0x00000000fe400000,0x00000000fe580000)
 ParOldGen       total 87552K, used 7730K [0x0000000081c00000, 0x0000000087180000, 0x00000000d5f00000)
  object space 87552K, 8% used [0x0000000081c00000,0x000000008238cb88,0x0000000087180000)
 Metaspace       used 7550K, capacity 7750K, committed 7936K, reserved 1056768K
  class space    used 870K, capacity 939K, committed 1024K, reserved 1048576K
}
Event: 12.665 GC heap before
{Heap before GC invocations=38 (full 0):
 PSYoungGen      total 244736K, used 243344K [0x00000000d5f00000, 0x00000000fe580000, 0x0000000100000000)
  eden space 243200K, 100% used [0x00000000d5f00000,0x00000000e4c80000,0x00000000e4c80000)
  from space 1536K, 9% used [0x00000000fe280000,0x00000000fe2a4020,0x00000000fe400000)
  to   space 1536K, 0% used [0x00000000fe400000,0x00000000fe400000,0x00000000fe580000)
 ParOldGen       total 87552K, used 7730K [0x0000000081c00000, 0x0000000087180000, 0x00000000d5f00000)
  object space 87552K, 8% used [0x0000000081c00000,0x000000008238cb88,0x0000000087180000)
 Metaspace       used 7550K, capacity 7750K, committed 7936K, reserved 1056768K
  class space    used 870K, capacity 939K, committed 1024K, reserved 1048576K
Event: 12.666 GC heap after
Heap after GC invocations=38 (full 0):
 PSYoungGen      total 233472K, used 192K [0x00000000d5f00000, 0x00000000fe480000, 0x0000000100000000)
  eden space 232960K, 0% used [0x00000000d5f00000,0x00000000d5f00000,0x00000000e4280000)
  from space 512K, 37% used [0x00000000fe400000,0x00000000fe430000,0x00000000fe480000)
  to   space 1536K, 0% used [0x00000000fe180000,0x00000000fe180000,0x00000000fe300000)
 ParOldGen       total 87552K, used 7754K [0x0000000081c00000, 0x0000000087180000, 0x00000000d5f00000)
  object space 87552K, 8% used [0x0000000081c00000,0x0000000082392b88,0x0000000087180000)
 Metaspace       used 7550K, capacity 7750K, committed 7936K, reserved 1056768K
  class space    used 870K, capacity 939K, committed 1024K, reserved 1048576K
}
Event: 13.278 GC heap before
{Heap before GC invocations=39 (full 0):
 PSYoungGen      total 233472K, used 233152K [0x00000000d5f00000, 0x00000000fe480000, 0x0000000100000000)
  eden space 232960K, 100% used [0x00000000d5f00000,0x00000000e4280000,0x00000000e4280000)
  from space 512K, 37% used [0x00000000fe400000,0x00000000fe430000,0x00000000fe480000)
  to   space 1536K, 0% used [0x00000000fe180000,0x00000000fe180000,0x00000000fe300000)
 ParOldGen       total 87552K, used 7754K [0x0000000081c00000, 0x0000000087180000, 0x00000000d5f00000)
  object space 87552K, 8% used [0x0000000081c00000,0x0000000082392b88,0x0000000087180000)
 Metaspace       used 7550K, capacity 7750K, committed 7936K, reserved 1056768K
  class space    used 870K, capacity 939K, committed 1024K, reserved 1048576K
Event: 13.283 GC heap after
Heap after GC invocations=39 (full 0):
 PSYoungGen      total 224768K, used 32K [0x00000000d5f00000, 0x00000000fe480000, 0x0000000100000000)
  eden space 223232K, 0% used [0x00000000d5f00000,0x00000000d5f00000,0x00000000e3900000)
  from space 1536K, 2% used [0x00000000fe180000,0x00000000fe188000,0x00000000fe300000)
  to   space 1536K, 0% used [0x00000000fe300000,0x00000000fe300000,0x00000000fe480000)
 ParOldGen       total 87552K, used 7754K [0x0000000081c00000, 0x0000000087180000, 0x00000000d5f00000)
  object space 87552K, 8% used [0x0000000081c00000,0x0000000082392b88,0x0000000087180000)
 Metaspace       used 7550K, capacity 7750K, committed 7936K, reserved 1056768K
  class space    used 870K, capacity 939K, committed 1024K, reserved 1048576K
}

